build/app/intermediates/manifest_merge_blame_file/release/manifest-merger-blame-release-report.txt
1<?xml version="1.0" encoding="utf-8"?>
2<manifest xmlns:android="http://schemas.android.com/apk/res/android"
3    package="com.example.pluspoint"
4    android:versionCode="1"
5    android:versionName="1.0.0" >
6
7    <uses-sdk
8        android:minSdkVersion="20"
8-->src\main\AndroidManifest.xml
9        android:targetSdkVersion="33" />
9-->src\main\AndroidManifest.xml
10
11    <uses-permission android:name="android.permission.INTERNET" />
11-->src\main\AndroidManifest.xml:2:1-63
11-->src\main\AndroidManifest.xml:2:18-60
12    <uses-permission android:name="android.permission.CAMERA" />
12-->src\main\AndroidManifest.xml:3:1-61
12-->src\main\AndroidManifest.xml:3:18-58
13    <uses-permission android:name="android.permission.ACCESS_FINE_LOCATION" />
13-->src\main\AndroidManifest.xml:4:1-75
13-->src\main\AndroidManifest.xml:4:18-72
14
15    <queries>
15-->[:flutter_inappwebview] AndroidManifest.xml:9:5-13:15
16        <intent>
16-->[:flutter_inappwebview] AndroidManifest.xml:10:9-12:18
17            <action android:name="android.support.customtabs.action.CustomTabsService" />
17-->[:flutter_inappwebview] AndroidManifest.xml:11:13-90
17-->[:flutter_inappwebview] AndroidManifest.xml:11:21-87
18        </intent>
19    </queries>
20
21    <uses-permission android:name="android.permission.ACCESS_NETWORK_STATE" />
21-->[com.google.android.exoplayer:exoplayer-core:2.18.7] AndroidManifest.xml:24:5-79
21-->[com.google.android.exoplayer:exoplayer-core:2.18.7] AndroidManifest.xml:24:22-76
22
23    <permission
23-->[androidx.core:core:1.9.0] AndroidManifest.xml:22:5-24:47
24        android:name="com.example.pluspoint.DYNAMIC_RECEIVER_NOT_EXPORTED_PERMISSION"
24-->[androidx.core:core:1.9.0] AndroidManifest.xml:23:9-81
25        android:protectionLevel="signature" />
25-->[androidx.core:core:1.9.0] AndroidManifest.xml:24:9-44
26
27    <uses-permission android:name="com.example.pluspoint.DYNAMIC_RECEIVER_NOT_EXPORTED_PERMISSION" /> <!-- Don't require camera, as this requires a rear camera. This allows it to work on the Nexus 7 -->
27-->[androidx.core:core:1.9.0] AndroidManifest.xml:26:5-97
27-->[androidx.core:core:1.9.0] AndroidManifest.xml:26:22-94
28    <uses-feature
28-->[com.journeyapps:zxing-android-embedded:4.3.0] AndroidManifest.xml:25:5-27:36
29        android:name="android.hardware.camera"
29-->[com.journeyapps:zxing-android-embedded:4.3.0] AndroidManifest.xml:26:9-47
30        android:required="false" />
30-->[com.journeyapps:zxing-android-embedded:4.3.0] AndroidManifest.xml:27:9-33
31    <uses-feature
31-->[com.journeyapps:zxing-android-embedded:4.3.0] AndroidManifest.xml:28:5-30:36
32        android:name="android.hardware.camera.front"
32-->[com.journeyapps:zxing-android-embedded:4.3.0] AndroidManifest.xml:29:9-53
33        android:required="false" /> <!-- TODO replace above two with next line after Android 4.2 -->
33-->[com.journeyapps:zxing-android-embedded:4.3.0] AndroidManifest.xml:30:9-33
34    <!-- <uses-feature android:name="android.hardware.camera.any"/> -->
35    <uses-feature
35-->[com.journeyapps:zxing-android-embedded:4.3.0] AndroidManifest.xml:33:5-35:36
36        android:name="android.hardware.camera.autofocus"
36-->[com.journeyapps:zxing-android-embedded:4.3.0] AndroidManifest.xml:34:9-57
37        android:required="false" />
37-->[com.journeyapps:zxing-android-embedded:4.3.0] AndroidManifest.xml:35:9-33
38    <uses-feature
38-->[com.journeyapps:zxing-android-embedded:4.3.0] AndroidManifest.xml:36:5-38:36
39        android:name="android.hardware.camera.flash"
39-->[com.journeyapps:zxing-android-embedded:4.3.0] AndroidManifest.xml:37:9-53
40        android:required="false" />
40-->[com.journeyapps:zxing-android-embedded:4.3.0] AndroidManifest.xml:38:9-33
41    <uses-feature
41-->[com.journeyapps:zxing-android-embedded:4.3.0] AndroidManifest.xml:39:5-41:36
42        android:name="android.hardware.screen.landscape"
42-->[com.journeyapps:zxing-android-embedded:4.3.0] AndroidManifest.xml:40:9-57
43        android:required="false" />
43-->[com.journeyapps:zxing-android-embedded:4.3.0] AndroidManifest.xml:41:9-33
44    <uses-feature
44-->[com.journeyapps:zxing-android-embedded:4.3.0] AndroidManifest.xml:42:5-44:36
45        android:name="android.hardware.wifi"
45-->[com.journeyapps:zxing-android-embedded:4.3.0] AndroidManifest.xml:43:9-45
46        android:required="false" />
46-->[com.journeyapps:zxing-android-embedded:4.3.0] AndroidManifest.xml:44:9-33
47
48    <application
49        android:name="android.app.Application"
49-->src\main\AndroidManifest.xml:11:9-42
50        android:appComponentFactory="androidx.core.app.CoreComponentFactory"
50-->[androidx.core:core:1.9.0] AndroidManifest.xml:28:18-86
51        android:icon="@mipmap/ic_launcher"
51-->src\main\AndroidManifest.xml:14:9-43
52        android:label="Plus Point Computer"
52-->src\main\AndroidManifest.xml:10:9-44
53        android:networkSecurityConfig="@xml/network_security_config"
53-->src\main\AndroidManifest.xml:12:9-69
54        android:usesCleartextTraffic="true" >
54-->src\main\AndroidManifest.xml:13:9-44
55        <activity
55-->src\main\AndroidManifest.xml:15:9-36:20
56            android:name="com.example.pluspoint.MainActivity"
56-->src\main\AndroidManifest.xml:16:13-41
57            android:configChanges="orientation|keyboardHidden|keyboard|screenSize|smallestScreenSize|locale|layoutDirection|fontScale|screenLayout|density|uiMode"
57-->src\main\AndroidManifest.xml:21:13-163
58            android:exported="true"
58-->src\main\AndroidManifest.xml:18:13-36
59            android:hardwareAccelerated="true"
59-->src\main\AndroidManifest.xml:22:13-47
60            android:launchMode="singleTop"
60-->src\main\AndroidManifest.xml:19:13-43
61            android:theme="@style/LaunchTheme"
61-->src\main\AndroidManifest.xml:20:13-47
62            android:usesCleartextTraffic="true"
62-->src\main\AndroidManifest.xml:17:13-48
63            android:windowSoftInputMode="adjustResize" >
63-->src\main\AndroidManifest.xml:23:13-55
64
65            <!--
66                 Specifies an Android theme to apply to this Activity as soon as
67                 the Android process has started. This theme is visible to the user
68                 while the Flutter UI initializes. After that, this theme continues
69                 to determine the Window background behind the Flutter UI.
70            -->
71            <meta-data
71-->src\main\AndroidManifest.xml:28:13-31:17
72                android:name="io.flutter.embedding.android.NormalTheme"
72-->src\main\AndroidManifest.xml:29:15-70
73                android:resource="@style/NormalTheme" />
73-->src\main\AndroidManifest.xml:30:15-52
74
75            <intent-filter>
75-->src\main\AndroidManifest.xml:32:13-35:29
76                <action android:name="android.intent.action.MAIN" />
76-->src\main\AndroidManifest.xml:33:17-68
76-->src\main\AndroidManifest.xml:33:25-66
77
78                <category android:name="android.intent.category.LAUNCHER" />
78-->src\main\AndroidManifest.xml:34:17-76
78-->src\main\AndroidManifest.xml:34:27-74
79            </intent-filter>
80        </activity>
81        <!--
82             Don't delete the meta-data below.
83             This is used by the Flutter tool to generate GeneratedPluginRegistrant.java
84        -->
85        <meta-data
85-->src\main\AndroidManifest.xml:39:9-41:33
86            android:name="flutterEmbedding"
86-->src\main\AndroidManifest.xml:40:13-44
87            android:value="2" />
87-->src\main\AndroidManifest.xml:41:13-30
88
89        <service
89-->[:geolocator_android] AndroidManifest.xml:10:9-14:56
90            android:name="com.baseflow.geolocator.GeolocatorLocationService"
90-->[:geolocator_android] AndroidManifest.xml:11:13-77
91            android:enabled="true"
91-->[:geolocator_android] AndroidManifest.xml:12:13-35
92            android:exported="false"
92-->[:geolocator_android] AndroidManifest.xml:13:13-37
93            android:foregroundServiceType="location" />
93-->[:geolocator_android] AndroidManifest.xml:14:13-53
94
95        <provider
95-->[:printing] AndroidManifest.xml:10:9-18:20
96            android:name="net.nfet.flutter.printing.PrintFileProvider"
96-->[:printing] AndroidManifest.xml:11:13-71
97            android:authorities="com.example.pluspoint.flutter.printing"
97-->[:printing] AndroidManifest.xml:12:13-68
98            android:exported="false"
98-->[:printing] AndroidManifest.xml:13:13-37
99            android:grantUriPermissions="true" >
99-->[:printing] AndroidManifest.xml:14:13-47
100            <meta-data
100-->[:printing] AndroidManifest.xml:15:13-17:71
101                android:name="android.support.FILE_PROVIDER_PATHS"
101-->[:printing] AndroidManifest.xml:16:17-67
102                android:resource="@xml/flutter_printing_file_paths" />
102-->[:printing] AndroidManifest.xml:17:17-68
103        </provider>
104
105        <activity
105-->[:flutter_inappwebview] AndroidManifest.xml:16:9-20:47
106            android:name="com.pichillilorenzo.flutter_inappwebview.in_app_browser.InAppBrowserActivity"
106-->[:flutter_inappwebview] AndroidManifest.xml:17:13-104
107            android:configChanges="orientation|keyboardHidden|keyboard|screenSize|locale|layoutDirection|fontScale|screenLayout|density"
107-->[:flutter_inappwebview] AndroidManifest.xml:18:13-137
108            android:exported="false"
108-->[:flutter_inappwebview] AndroidManifest.xml:19:13-37
109            android:theme="@style/AppTheme" />
109-->[:flutter_inappwebview] AndroidManifest.xml:20:13-44
110        <activity
110-->[:flutter_inappwebview] AndroidManifest.xml:21:9-24:55
111            android:name="com.pichillilorenzo.flutter_inappwebview.chrome_custom_tabs.ChromeCustomTabsActivity"
111-->[:flutter_inappwebview] AndroidManifest.xml:22:13-112
112            android:exported="false"
112-->[:flutter_inappwebview] AndroidManifest.xml:23:13-37
113            android:theme="@style/ThemeTransparent" />
113-->[:flutter_inappwebview] AndroidManifest.xml:24:13-52
114        <activity
114-->[:flutter_inappwebview] AndroidManifest.xml:25:9-28:55
115            android:name="com.pichillilorenzo.flutter_inappwebview.chrome_custom_tabs.TrustedWebActivity"
115-->[:flutter_inappwebview] AndroidManifest.xml:26:13-106
116            android:exported="false"
116-->[:flutter_inappwebview] AndroidManifest.xml:27:13-37
117            android:theme="@style/ThemeTransparent" />
117-->[:flutter_inappwebview] AndroidManifest.xml:28:13-52
118        <activity
118-->[:flutter_inappwebview] AndroidManifest.xml:29:9-33:55
119            android:name="com.pichillilorenzo.flutter_inappwebview.chrome_custom_tabs.ChromeCustomTabsActivitySingleInstance"
119-->[:flutter_inappwebview] AndroidManifest.xml:30:13-126
120            android:exported="false"
120-->[:flutter_inappwebview] AndroidManifest.xml:31:13-37
121            android:launchMode="singleInstance"
121-->[:flutter_inappwebview] AndroidManifest.xml:32:13-48
122            android:theme="@style/ThemeTransparent" />
122-->[:flutter_inappwebview] AndroidManifest.xml:33:13-52
123        <activity
123-->[:flutter_inappwebview] AndroidManifest.xml:34:9-38:55
124            android:name="com.pichillilorenzo.flutter_inappwebview.chrome_custom_tabs.TrustedWebActivitySingleInstance"
124-->[:flutter_inappwebview] AndroidManifest.xml:35:13-120
125            android:exported="false"
125-->[:flutter_inappwebview] AndroidManifest.xml:36:13-37
126            android:launchMode="singleInstance"
126-->[:flutter_inappwebview] AndroidManifest.xml:37:13-48
127            android:theme="@style/ThemeTransparent" />
127-->[:flutter_inappwebview] AndroidManifest.xml:38:13-52
128
129        <receiver
129-->[:flutter_inappwebview] AndroidManifest.xml:40:9-43:40
130            android:name="com.pichillilorenzo.flutter_inappwebview.chrome_custom_tabs.ActionBroadcastReceiver"
130-->[:flutter_inappwebview] AndroidManifest.xml:41:13-111
131            android:enabled="true"
131-->[:flutter_inappwebview] AndroidManifest.xml:42:13-35
132            android:exported="false" />
132-->[:flutter_inappwebview] AndroidManifest.xml:43:13-37
133
134        <meta-data
134-->[:flutter_inappwebview] AndroidManifest.xml:45:9-47:36
135            android:name="io.flutter.embedded_views_preview"
135-->[:flutter_inappwebview] AndroidManifest.xml:46:13-61
136            android:value="true" />
136-->[:flutter_inappwebview] AndroidManifest.xml:47:13-33
137
138        <provider
138-->[:open_file] AndroidManifest.xml:11:9-20:20
139            android:name="com.crazecoder.openfile.FileProvider"
139-->[:open_file] AndroidManifest.xml:12:13-64
140            android:authorities="com.example.pluspoint.fileProvider.com.crazecoder.openfile"
140-->[:open_file] AndroidManifest.xml:13:13-88
141            android:exported="false"
141-->[:open_file] AndroidManifest.xml:14:13-37
142            android:grantUriPermissions="true" >
142-->[:open_file] AndroidManifest.xml:15:13-47
143            <meta-data
143-->[:printing] AndroidManifest.xml:15:13-17:71
144                android:name="android.support.FILE_PROVIDER_PATHS"
144-->[:printing] AndroidManifest.xml:16:17-67
145                android:resource="@xml/filepaths" />
145-->[:printing] AndroidManifest.xml:17:17-68
146        </provider>
147
148        <uses-library
148-->[androidx.window:window:1.0.0-beta04] AndroidManifest.xml:25:9-27:40
149            android:name="androidx.window.extensions"
149-->[androidx.window:window:1.0.0-beta04] AndroidManifest.xml:26:13-54
150            android:required="false" />
150-->[androidx.window:window:1.0.0-beta04] AndroidManifest.xml:27:13-37
151        <uses-library
151-->[androidx.window:window:1.0.0-beta04] AndroidManifest.xml:28:9-30:40
152            android:name="androidx.window.sidecar"
152-->[androidx.window:window:1.0.0-beta04] AndroidManifest.xml:29:13-51
153            android:required="false" />
153-->[androidx.window:window:1.0.0-beta04] AndroidManifest.xml:30:13-37
154
155        <activity
155-->[com.google.android.gms:play-services-base:18.1.0] AndroidManifest.xml:20:9-22:45
156            android:name="com.google.android.gms.common.api.GoogleApiActivity"
156-->[com.google.android.gms:play-services-base:18.1.0] AndroidManifest.xml:20:19-85
157            android:exported="false"
157-->[com.google.android.gms:play-services-base:18.1.0] AndroidManifest.xml:22:19-43
158            android:theme="@android:style/Theme.Translucent.NoTitleBar" />
158-->[com.google.android.gms:play-services-base:18.1.0] AndroidManifest.xml:21:19-78
159
160        <meta-data
160-->[com.google.android.gms:play-services-basement:18.1.0] AndroidManifest.xml:21:9-23:69
161            android:name="com.google.android.gms.version"
161-->[com.google.android.gms:play-services-basement:18.1.0] AndroidManifest.xml:22:13-58
162            android:value="@integer/google_play_services_version" />
162-->[com.google.android.gms:play-services-basement:18.1.0] AndroidManifest.xml:23:13-66
163
164        <provider
164-->[androidx.emoji2:emoji2:1.2.0] AndroidManifest.xml:24:9-32:20
165            android:name="androidx.startup.InitializationProvider"
165-->[androidx.emoji2:emoji2:1.2.0] AndroidManifest.xml:25:13-67
166            android:authorities="com.example.pluspoint.androidx-startup"
166-->[androidx.emoji2:emoji2:1.2.0] AndroidManifest.xml:26:13-68
167            android:exported="false" >
167-->[androidx.emoji2:emoji2:1.2.0] AndroidManifest.xml:27:13-37
168            <meta-data
168-->[androidx.emoji2:emoji2:1.2.0] AndroidManifest.xml:29:13-31:52
169                android:name="androidx.emoji2.text.EmojiCompatInitializer"
169-->[androidx.emoji2:emoji2:1.2.0] AndroidManifest.xml:30:17-75
170                android:value="androidx.startup" />
170-->[androidx.emoji2:emoji2:1.2.0] AndroidManifest.xml:31:17-49
171            <meta-data
171-->[androidx.lifecycle:lifecycle-process:2.4.1] AndroidManifest.xml:31:13-33:52
172                android:name="androidx.lifecycle.ProcessLifecycleInitializer"
172-->[androidx.lifecycle:lifecycle-process:2.4.1] AndroidManifest.xml:32:17-78
173                android:value="androidx.startup" />
173-->[androidx.lifecycle:lifecycle-process:2.4.1] AndroidManifest.xml:33:17-49
174        </provider>
175
176        <activity
176-->[com.journeyapps:zxing-android-embedded:4.3.0] AndroidManifest.xml:47:9-53:63
177            android:name="com.journeyapps.barcodescanner.CaptureActivity"
177-->[com.journeyapps:zxing-android-embedded:4.3.0] AndroidManifest.xml:48:13-74
178            android:clearTaskOnLaunch="true"
178-->[com.journeyapps:zxing-android-embedded:4.3.0] AndroidManifest.xml:49:13-45
179            android:screenOrientation="sensorLandscape"
179-->[com.journeyapps:zxing-android-embedded:4.3.0] AndroidManifest.xml:50:13-56
180            android:stateNotNeeded="true"
180-->[com.journeyapps:zxing-android-embedded:4.3.0] AndroidManifest.xml:51:13-42
181            android:theme="@style/zxing_CaptureTheme"
181-->[com.journeyapps:zxing-android-embedded:4.3.0] AndroidManifest.xml:52:13-54
182            android:windowSoftInputMode="stateAlwaysHidden" />
182-->[com.journeyapps:zxing-android-embedded:4.3.0] AndroidManifest.xml:53:13-60
183    </application>
184
185</manifest>